\BOOKMARK [1][-]{section.1}{January 11, 2017}{}% 1
\BOOKMARK [2][-]{subsection.1.1}{Fundamental Particles}{section.1}% 2
\BOOKMARK [2][-]{subsection.1.2}{Charge Experiment}{section.1}% 3
\BOOKMARK [1][-]{section.2}{January 12, 2017}{}% 4
\BOOKMARK [2][-]{subsection.2.1}{Coulomb's Law}{section.2}% 5
\BOOKMARK [2][-]{subsection.2.2}{Superposition Principle}{section.2}% 6
\BOOKMARK [1][-]{section.3}{January 13, 2017}{}% 7
\BOOKMARK [2][-]{subsection.3.1}{Van de Graff Generator}{section.3}% 8
\BOOKMARK [1][-]{section.4}{January 16, 2017}{}% 9
\BOOKMARK [2][-]{subsection.4.1}{Coulomb's Law Examples}{section.4}% 10
\BOOKMARK [1][-]{section.5}{January 28, 2017}{}% 11
\BOOKMARK [2][-]{subsection.5.1}{Coulomb's Law Examples Cont'd}{section.5}% 12
\BOOKMARK [2][-]{subsection.5.2}{Electric Force of Dipole}{section.5}% 13
\BOOKMARK [1][-]{section.6}{January 19, 2017}{}% 14
\BOOKMARK [2][-]{subsection.6.1}{Electric Force of Line of Charge}{section.6}% 15
\BOOKMARK [1][-]{section.7}{January 20, 2017}{}% 16
\BOOKMARK [2][-]{subsection.7.1}{Electric Force Examples}{section.7}% 17
\BOOKMARK [2][-]{subsection.7.2}{Charge Geometries}{section.7}% 18
\BOOKMARK [1][-]{section.8}{January 23, 2017}{}% 19
\BOOKMARK [2][-]{subsection.8.1}{Electric Fields}{section.8}% 20
\BOOKMARK [2][-]{subsection.8.2}{Electric Field of a Dipole}{section.8}% 21
\BOOKMARK [1][-]{section.9}{January 25, 2017}{}% 22
\BOOKMARK [2][-]{subsection.9.1}{Electric Field of Line of Charge}{section.9}% 23
\BOOKMARK [2][-]{subsection.9.2}{Electric Field of Ring of Charge}{section.9}% 24
\BOOKMARK [1][-]{section.10}{January 26, 2017}{}% 25
\BOOKMARK [2][-]{subsection.10.1}{Electric Field of Charged Disk}{section.10}% 26
\BOOKMARK [2][-]{subsection.10.2}{Electric Field Lines}{section.10}% 27
\BOOKMARK [1][-]{section.11}{January 27, 2017}{}% 28
\BOOKMARK [2][-]{subsection.11.1}{Electric Flux}{section.11}% 29
\BOOKMARK [1][-]{section.12}{January 30, 2017}{}% 30
\BOOKMARK [2][-]{subsection.12.1}{Electric Flux Cont'd}{section.12}% 31
\BOOKMARK [1][-]{section.13}{February 1, 2017}{}% 32
\BOOKMARK [2][-]{subsection.13.1}{Gauss' Law}{section.13}% 33
\BOOKMARK [1][-]{section.14}{February 2, 2017}{}% 34
\BOOKMARK [2][-]{subsection.14.1}{Electric Field in Shell of Charge}{section.14}% 35
\BOOKMARK [2][-]{subsection.14.2}{Electric Field in Shell of Charge}{section.14}% 36
\BOOKMARK [1][-]{section.15}{February 3, 2017}{}% 37
\BOOKMARK [2][-]{subsection.15.1}{Gauss' Law Cont'd}{section.15}% 38
\BOOKMARK [1][-]{section.16}{February 6, 2016}{}% 39
\BOOKMARK [2][-]{subsection.16.1}{Charged Isolated Conductor}{section.16}% 40
\BOOKMARK [1][-]{section.17}{February 8, 2017}{}% 41
\BOOKMARK [2][-]{subsection.17.1}{Electric Field of Charged Wire and Plane}{section.17}% 42
\BOOKMARK [1][-]{section.18}{February 9, 2017}{}% 43
\BOOKMARK [2][-]{subsection.18.1}{Examples}{section.18}% 44
\BOOKMARK [1][-]{section.19}{February 15, 2017}{}% 45
\BOOKMARK [2][-]{subsection.19.1}{Electric Potential}{section.19}% 46
\BOOKMARK [1][-]{section.20}{February 16, 2017}{}% 47
\BOOKMARK [2][-]{subsection.20.1}{Electric Potential Cont'd}{section.20}% 48
\BOOKMARK [1][-]{section.21}{February 27, 2017}{}% 49
\BOOKMARK [2][-]{subsection.21.1}{Potential Gradient}{section.21}% 50
\BOOKMARK [2][-]{subsection.21.2}{Electric Potential of a Dipole}{section.21}% 51
\BOOKMARK [1][-]{section.22}{March 1, 2017}{}% 52
\BOOKMARK [2][-]{subsection.22.1}{Electric Potential of a Line of Charge}{section.22}% 53
\BOOKMARK [2][-]{subsection.22.2}{Electric Potential of a Ring Along its Axis and a Charged Disk}{section.22}% 54
\BOOKMARK [2][-]{subsection.22.3}{Electric Potential of a Charged Isolated Conductor}{section.22}% 55
\BOOKMARK [1][-]{section.23}{March 6, 2017}{}% 56
\BOOKMARK [2][-]{subsection.23.1}{Capacitance}{section.23}% 57
\BOOKMARK [2][-]{subsection.23.2}{Calculating Capacitance}{section.23}% 58
\BOOKMARK [1][-]{section.24}{March 8, 2017}{}% 59
\BOOKMARK [2][-]{subsection.24.1}{Calculating Capacitance Cont'd}{section.24}% 60
\BOOKMARK [2][-]{subsection.24.2}{Capacitors in Parallel and Series}{section.24}% 61
\BOOKMARK [2][-]{subsection.24.3}{Energy Stored in an Electric Field}{section.24}% 62
\BOOKMARK [1][-]{section.25}{March 9, 2017}{}% 63
\BOOKMARK [2][-]{subsection.25.1}{Capacitors with a Dielectric}{section.25}% 64
\BOOKMARK [2][-]{subsection.25.2}{Atomic View of Dielectrics}{section.25}% 65
\BOOKMARK [1][-]{section.26}{March 13, 2017}{}% 66
\BOOKMARK [2][-]{subsection.26.1}{Electric Current}{section.26}% 67
\BOOKMARK [2][-]{subsection.26.2}{Current Density}{section.26}% 68
\BOOKMARK [2][-]{subsection.26.3}{Resistance and Resistivity}{section.26}% 69
\BOOKMARK [2][-]{subsection.26.4}{Circuits}{section.26}% 70
\BOOKMARK [2][-]{subsection.26.5}{Kirchhoff's Loop Rule}{section.26}% 71
\BOOKMARK [1][-]{section.27}{March 15, 2017}{}% 72
\BOOKMARK [2][-]{subsection.27.1}{Ohmic and Non-Ohmic Devices}{section.27}% 73
\BOOKMARK [2][-]{subsection.27.2}{Power in Circuits}{section.27}% 74
\BOOKMARK [2][-]{subsection.27.3}{Grounding}{section.27}% 75
\BOOKMARK [2][-]{subsection.27.4}{Ammeter and Voltmeter}{section.27}% 76
\BOOKMARK [2][-]{subsection.27.5}{Non-Ideal Batteries}{section.27}% 77
\BOOKMARK [2][-]{subsection.27.6}{RC Circuits \(Resistors and Capacitors\)}{section.27}% 78
\BOOKMARK [1][-]{section.28}{March 16, 2017}{}% 79
\BOOKMARK [2][-]{subsection.28.1}{Circuits Cont'd}{section.28}% 80
\BOOKMARK [1][-]{section.29}{March 20, 2017}{}% 81
\BOOKMARK [2][-]{subsection.29.1}{Magnetic Fields}{section.29}% 82
\BOOKMARK [2][-]{subsection.29.2}{Circulating Charged Particle}{section.29}% 83
\BOOKMARK [1][-]{section.30}{March 22, 2017}{}% 84
\BOOKMARK [2][-]{subsection.30.1}{Magnetic Field}{section.30}% 85
\BOOKMARK [2][-]{subsection.30.2}{Cyclotrons and Synchrotrons}{section.30}% 86
\BOOKMARK [2][-]{subsection.30.3}{Crossed Field - Discovery of the Electron}{section.30}% 87
\BOOKMARK [2][-]{subsection.30.4}{Crossed Field- The Hall Effect}{section.30}% 88
\BOOKMARK [1][-]{section.31}{March 23, 2017}{}% 89
\BOOKMARK [2][-]{subsection.31.1}{Magnetic Force on a Current-Carrying Wire}{section.31}% 90
\BOOKMARK [2][-]{subsection.31.2}{Torque on a Current Loop}{section.31}% 91
\BOOKMARK [1][-]{section.32}{March 27, 2017}{}% 92
\BOOKMARK [2][-]{subsection.32.1}{Biot-Savart Law}{section.32}% 93
\BOOKMARK [1][-]{section.33}{March 29, 2017}{}% 94
\BOOKMARK [2][-]{subsection.33.1}{Magnetic Field of a Circular Loop}{section.33}% 95
\BOOKMARK [2][-]{subsection.33.2}{Force Between Two Antiparallel Currents}{section.33}% 96
\BOOKMARK [2][-]{subsection.33.3}{Dipole Fields}{section.33}% 97
\BOOKMARK [2][-]{subsection.33.4}{Maxwell's Equations}{section.33}% 98
\BOOKMARK [1][-]{section.34}{March 30, 2017}{}% 99
\BOOKMARK [2][-]{subsection.34.1}{Ampere's Law}{section.34}% 100
\BOOKMARK [2][-]{subsection.34.2}{Solenoids and Toroids}{section.34}% 101
\BOOKMARK [1][-]{section.35}{March 31, 2017}{}% 102
\BOOKMARK [2][-]{subsection.35.1}{Application of Ampere's Law}{section.35}% 103
\BOOKMARK [1][-]{section.36}{April 3, 2017}{}% 104
\BOOKMARK [2][-]{subsection.36.1}{Faraday's Law and Lenz's Law}{section.36}% 105
\BOOKMARK [1][-]{section.37}{April 6, 2017}{}% 106
\BOOKMARK [2][-]{subsection.37.1}{Applications of Faraday's Law}{section.37}% 107
\BOOKMARK [2][-]{subsection.37.2}{Magnetic Dipole Moment}{section.37}% 108
\BOOKMARK [1][-]{section.38}{April 6, 2017}{}% 109
\BOOKMARK [2][-]{subsection.38.1}{Review of Faraday's Law}{section.38}% 110
\BOOKMARK [2][-]{subsection.38.2}{Eddy Currents}{section.38}% 111
\BOOKMARK [2][-]{subsection.38.3}{Inductors and Inductance}{section.38}% 112
\BOOKMARK [2][-]{subsection.38.4}{Self-Induction}{section.38}% 113
\BOOKMARK [2][-]{subsection.38.5}{Energy Storage in Inductors}{section.38}% 114
\BOOKMARK [1][-]{section.39}{April 7, 2017}{}% 115
\BOOKMARK [2][-]{subsection.39.1}{Mutual Induction}{section.39}% 116
\BOOKMARK [2][-]{subsection.39.2}{Transformers}{section.39}% 117
\BOOKMARK [2][-]{subsection.39.3}{RL Circuit}{section.39}% 118
